C:\USERS\ADMINISTRATOR\DESKTOP\创新实践\LCK_PITCUT\PIC_CUT\PIC_CUT\RELEASE\CVVIMAGE.OBJ
C:\USERS\ADMINISTRATOR\DESKTOP\创新实践\LCK_PITCUT\PIC_CUT\PIC_CUT\RELEASE\PIC_CUT.EXE.INTERMEDIATE.MANIFEST
C:\USERS\ADMINISTRATOR\DESKTOP\创新实践\LCK_PITCUT\PIC_CUT\PIC_CUT\RELEASE\PIC_CUT.OBJ
C:\USERS\ADMINISTRATOR\DESKTOP\创新实践\LCK_PITCUT\PIC_CUT\PIC_CUT\RELEASE\PIC_CUT.PCH
C:\USERS\ADMINISTRATOR\DESKTOP\创新实践\LCK_PITCUT\PIC_CUT\PIC_CUT\RELEASE\PIC_CUT.RES
C:\USERS\ADMINISTRATOR\DESKTOP\创新实践\LCK_PITCUT\PIC_CUT\PIC_CUT\RELEASE\PIC_CUTDLG.OBJ
C:\USERS\ADMINISTRATOR\DESKTOP\创新实践\LCK_PITCUT\PIC_CUT\PIC_CUT\RELEASE\STDAFX.OBJ
C:\USERS\ADMINISTRATOR\DESKTOP\创新实践\LCK_PITCUT\PIC_CUT\PIC_CUT\RELEASE\VC100.PDB
C:\USERS\ADMINISTRATOR\DESKTOP\创新实践\LCK_PITCUT\PIC_CUT\RELEASE\PIC_CUT.EXE
C:\USERS\ADMINISTRATOR\DESKTOP\创新实践\LCK_PITCUT\PIC_CUT\RELEASE\PIC_CUT.PDB
G:\LIKE MY DOCUMENT\课程\大二下\创新实践大二下\创新实践\LCK_PITCUT\PIC_CUT\PIC_CUT\RELEASE\CVVIMAGE.OBJ
G:\LIKE MY DOCUMENT\课程\大二下\创新实践大二下\创新实践\LCK_PITCUT\PIC_CUT\PIC_CUT\RELEASE\PIC_CUT.EXE.INTERMEDIATE.MANIFEST
G:\LIKE MY DOCUMENT\课程\大二下\创新实践大二下\创新实践\LCK_PITCUT\PIC_CUT\PIC_CUT\RELEASE\PIC_CUT.OBJ
G:\LIKE MY DOCUMENT\课程\大二下\创新实践大二下\创新实践\LCK_PITCUT\PIC_CUT\PIC_CUT\RELEASE\PIC_CUT.PCH
G:\LIKE MY DOCUMENT\课程\大二下\创新实践大二下\创新实践\LCK_PITCUT\PIC_CUT\PIC_CUT\RELEASE\PIC_CUT.RES
G:\LIKE MY DOCUMENT\课程\大二下\创新实践大二下\创新实践\LCK_PITCUT\PIC_CUT\PIC_CUT\RELEASE\PIC_CUTDLG.OBJ
G:\LIKE MY DOCUMENT\课程\大二下\创新实践大二下\创新实践\LCK_PITCUT\PIC_CUT\PIC_CUT\RELEASE\STDAFX.OBJ
G:\LIKE MY DOCUMENT\课程\大二下\创新实践大二下\创新实践\LCK_PITCUT\PIC_CUT\PIC_CUT\RELEASE\VC100.PDB
G:\LIKE MY DOCUMENT\课程\大二下\创新实践大二下\创新实践\LCK_PITCUT\PIC_CUT\RELEASE\PIC_CUT.EXE
G:\LIKE MY DOCUMENT\课程\大二下\创新实践大二下\创新实践\LCK_PITCUT\PIC_CUT\RELEASE\PIC_CUT.PDB
G:\My_projects\pic_cut\pic_cut\Release\cl.command.1.tlog
G:\My_projects\pic_cut\pic_cut\Release\CL.read.1.tlog
G:\My_projects\pic_cut\pic_cut\Release\CL.write.1.tlog
G:\My_projects\pic_cut\pic_cut\Release\CvvImage.obj
G:\My_projects\pic_cut\pic_cut\Release\link.command.1.tlog
G:\My_projects\pic_cut\pic_cut\Release\link.read.1.tlog
G:\My_projects\pic_cut\pic_cut\Release\link.write.1.tlog
G:\My_projects\pic_cut\pic_cut\Release\link-cvtres.read.1.tlog
G:\My_projects\pic_cut\pic_cut\Release\link-cvtres.write.1.tlog
G:\My_projects\pic_cut\pic_cut\Release\mt.command.1.tlog
G:\My_projects\pic_cut\pic_cut\Release\mt.read.1.tlog
G:\My_projects\pic_cut\pic_cut\Release\mt.write.1.tlog
G:\My_projects\pic_cut\pic_cut\Release\pic_cut.exe.intermediate.manifest
G:\My_projects\pic_cut\pic_cut\Release\pic_cut.obj
G:\My_projects\pic_cut\pic_cut\Release\pic_cut.pch
G:\My_projects\pic_cut\pic_cut\Release\pic_cut.res
G:\My_projects\pic_cut\pic_cut\Release\pic_cutDlg.obj
G:\My_projects\pic_cut\pic_cut\Release\rc.command.1.tlog
G:\My_projects\pic_cut\pic_cut\Release\rc.read.1.tlog
G:\My_projects\pic_cut\pic_cut\Release\rc.write.1.tlog
G:\My_projects\pic_cut\pic_cut\Release\stdafx.obj
G:\My_projects\pic_cut\pic_cut\Release\vc100.pdb
G:\My_projects\pic_cut\Release\pic_cut.exe
G:\My_projects\pic_cut\Release\pic_cut.pdb
