C:\USERS\ADMINISTRATOR\DESKTOP\创新实践\LCK_PITCUT\PIC_CUT\DEBUG\PIC_CUT.EXE
C:\USERS\ADMINISTRATOR\DESKTOP\创新实践\LCK_PITCUT\PIC_CUT\DEBUG\PIC_CUT.ILK
C:\USERS\ADMINISTRATOR\DESKTOP\创新实践\LCK_PITCUT\PIC_CUT\DEBUG\PIC_CUT.PDB
C:\USERS\ADMINISTRATOR\DESKTOP\创新实践\LCK_PITCUT\PIC_CUT\PIC_CUT\DEBUG\CVVIMAGE.OBJ
C:\USERS\ADMINISTRATOR\DESKTOP\创新实践\LCK_PITCUT\PIC_CUT\PIC_CUT\DEBUG\PIC_CUT.EXE.EMBED.MANIFEST
C:\USERS\ADMINISTRATOR\DESKTOP\创新实践\LCK_PITCUT\PIC_CUT\PIC_CUT\DEBUG\PIC_CUT.EXE.EMBED.MANIFEST.RES
C:\USERS\ADMINISTRATOR\DESKTOP\创新实践\LCK_PITCUT\PIC_CUT\PIC_CUT\DEBUG\PIC_CUT.EXE.INTERMEDIATE.MANIFEST
C:\USERS\ADMINISTRATOR\DESKTOP\创新实践\LCK_PITCUT\PIC_CUT\PIC_CUT\DEBUG\PIC_CUT.OBJ
C:\USERS\ADMINISTRATOR\DESKTOP\创新实践\LCK_PITCUT\PIC_CUT\PIC_CUT\DEBUG\PIC_CUT.PCH
C:\USERS\ADMINISTRATOR\DESKTOP\创新实践\LCK_PITCUT\PIC_CUT\PIC_CUT\DEBUG\PIC_CUT.RES
C:\USERS\ADMINISTRATOR\DESKTOP\创新实践\LCK_PITCUT\PIC_CUT\PIC_CUT\DEBUG\PIC_CUTDLG.OBJ
C:\USERS\ADMINISTRATOR\DESKTOP\创新实践\LCK_PITCUT\PIC_CUT\PIC_CUT\DEBUG\STDAFX.OBJ
C:\USERS\ADMINISTRATOR\DESKTOP\创新实践\LCK_PITCUT\PIC_CUT\PIC_CUT\DEBUG\VC100.PDB
G:\My_projects\pic_cut\Debug\pic_cut.exe
G:\My_projects\pic_cut\Debug\pic_cut.ilk
G:\My_projects\pic_cut\Debug\pic_cut.pdb
G:\My_projects\pic_cut\pic_cut\Debug\cl.command.1.tlog
G:\My_projects\pic_cut\pic_cut\Debug\CL.read.1.tlog
G:\My_projects\pic_cut\pic_cut\Debug\CL.write.1.tlog
G:\My_projects\pic_cut\pic_cut\Debug\CvvImage.obj
G:\My_projects\pic_cut\pic_cut\Debug\link.command.1.tlog
G:\My_projects\pic_cut\pic_cut\Debug\link.read.1.tlog
G:\My_projects\pic_cut\pic_cut\Debug\link.write.1.tlog
G:\My_projects\pic_cut\pic_cut\Debug\link-cvtres.read.1.tlog
G:\My_projects\pic_cut\pic_cut\Debug\link-cvtres.write.1.tlog
G:\My_projects\pic_cut\pic_cut\Debug\mt.command.1.tlog
G:\My_projects\pic_cut\pic_cut\Debug\mt.read.1.tlog
G:\My_projects\pic_cut\pic_cut\Debug\mt.write.1.tlog
G:\My_projects\pic_cut\pic_cut\Debug\pic_cut.exe.embed.manifest
G:\My_projects\pic_cut\pic_cut\Debug\pic_cut.exe.embed.manifest.res
G:\My_projects\pic_cut\pic_cut\Debug\pic_cut.exe.intermediate.manifest
G:\My_projects\pic_cut\pic_cut\Debug\pic_cut.obj
G:\My_projects\pic_cut\pic_cut\Debug\pic_cut.pch
G:\My_projects\pic_cut\pic_cut\Debug\pic_cut.res
G:\My_projects\pic_cut\pic_cut\Debug\pic_cut_manifest.rc
G:\My_projects\pic_cut\pic_cut\Debug\pic_cutDlg.obj
G:\My_projects\pic_cut\pic_cut\Debug\rc.command.1.tlog
G:\My_projects\pic_cut\pic_cut\Debug\rc.read.1.tlog
G:\My_projects\pic_cut\pic_cut\Debug\rc.write.1.tlog
G:\My_projects\pic_cut\pic_cut\Debug\stdafx.obj
G:\My_projects\pic_cut\pic_cut\Debug\vc100.idb
G:\My_projects\pic_cut\pic_cut\Debug\vc100.pdb
